#
# A fatal error has been detected by the Java Runtime Environment:
#
#  SIGSEGV (0xb) at pc=0x0000000118cf733b, pid=85191, tid=0x0000000000013e0b
#
# JRE version: Java(TM) SE Runtime Environment (8.0_112-b16) (build 1.8.0_112-b16)
# Java VM: Java HotSpot(TM) 64-Bit Server VM (25.112-b16 mixed mode bsd-amd64 compressed oops)
# Problematic frame:
# C  [libawt_lwawt.dylib+0x1c33b]  OGLSD_SetScratchSurface+0x49
#
# Failed to write core dump. Core dumps have been disabled. To enable core dumping, try "ulimit -c unlimited" before starting Java again
#
# If you would like to submit a bug report, please visit:
#   http://bugreport.java.com/bugreport/crash.jsp
# The crash happened outside the Java Virtual Machine in native code.
# See problematic frame for where to report the bug.
#

---------------  T H R E A D  ---------------

Current thread (0x00007f9397a91800):  JavaThread "Java2D Queue Flusher" daemon [_thread_in_native, id=81419, stack(0x0000700002416000,0x0000700002516000)]

siginfo: si_signo: 11 (SIGSEGV), si_code: 1 (SEGV_MAPERR), si_addr: 0x0000000000000002

Registers:
RAX=0x00000000ffffffff, RBX=0x0000000000000002, RCX=0x0000000000000047, RDX=0x0000000118d184f0
RSP=0x0000700002515880, RBP=0x00007000025158a0, RSI=0x00007f9396d04550, RDI=0x00007f9397a919f8
R8 =0x000000000037b251, R9 =0xffffffff00000000, R10=0x00000001035eef38, R11=0x0000000000000020
R12=0x0000000000000000, R13=0x00007000025159a8, R14=0x00007f9397a919f8, R15=0x00007f9397a91800
RIP=0x0000000118cf733b, EFLAGS=0x0000000000010202, ERR=0x0000000000000004
  TRAPNO=0x000000000000000e

Top of Stack: (sp=0x0000700002515880)
0x0000700002515880:   00007f9396d04550 0000000000000000
0x0000700002515890:   00007f9397a89a10 00007f9397a91800
0x00007000025158a0:   0000700002515920 0000000118d17fce
0x00007000025158b0:   0000000000000064 0000000000000000
0x00007000025158c0:   0000000000000064 00007f9396e8d7e8
0x00007000025158d0:   0000700002515930 000000010268c690
0x00007000025158e0:   00007f9300000005 00007f9397a89a20
0x00007000025158f0:   0000000000000001 00007f9397a919f8
0x0000700002515900:   0000000116b96640 0000000000000000
0x0000700002515910:   0000700002515a28 00007f9397a91800
0x0000700002515920:   0000700002515970 00000001035eefaa
0x0000700002515930:   000000079768d7c0 0000000103527ee8
0x0000700002515940:   0000000797608548 00000001035387a6
0x0000700002515950:   0000000797608548 0000700002515958
0x0000700002515960:   0000000116b96598 00007000025159a8
0x0000700002515970:   000000079768d7c0 00000001037b692c
0x0000700002515980:   0000700002515a00 00000001032e72bd
0x0000700002515990:   0000700002515a00 00000001032e72bd
0x00007000025159a0:   00000001032e72bd 000000079768d7c0
0x00007000025159b0:   0000000000000001 0000000797608548
0x00007000025159c0:   00007000025159b0 0000000116b99ed1
0x00007000025159d0:   0000700002515a28 0000000116b9a758
0x00007000025159e0:   0000000000000000 0000000116b99fd8
0x00007000025159f0:   00007000025159a8 0000700002515a28
0x0000700002515a00:   0000700002515a90 00000001032df7a7
0x0000700002515a10:   0000000000000000 0000000000000000
0x0000700002515a20:   0000000000000000 0000000797608548
0x0000700002515a30:   0000700000001fa0 000000000000000a
0x0000700002515a40:   00007f9397a91800 0000000000000001
0x0000700002515a50:   00000001032df71f 0000000116b99fd8
0x0000700002515a60:   0000700002515b28 0000700002515dc0
0x0000700002515a70:   000000010000000a 0000000116b99fd8 

Instructions: (pc=0x0000000118cf733b)
0x0000000118cf731b:   c0 e9 82 00 00 00 48 8b 5e 10 48 85 db 75 0e bf
0x0000000118cf732b:   01 00 00 00 48 8d 15 14 7f 03 00 eb d6 49 89 fe
0x0000000118cf733b:   4c 8b 3b 30 c0 e8 dd a9 02 00 49 8b 3f 49 89 c4
0x0000000118cf734b:   48 8b 35 0e 04 06 00 30 c0 e8 2b ab 02 00 48 85 

Register to memory mapping:

RAX=0x00000000ffffffff is an unknown value
RBX=0x0000000000000002 is an unknown value
RCX=0x0000000000000047 is an unknown value
RDX=0x0000000118d184f0: Java_sun_java2d_opengl_OGLRenderQueue_flushBuffer+0xb5c in /Library/Java/JavaVirtualMachines/jdk1.8.0_112.jdk/Contents/Home/jre/lib/libawt_lwawt.dylib at 0x0000000118cdb000
RSP=0x0000700002515880 is pointing into the stack for thread: 0x00007f9397a91800
RBP=0x00007000025158a0 is pointing into the stack for thread: 0x00007f9397a91800
RSI=0x00007f9396d04550 is an unknown value
RDI=0x00007f9397a919f8 is an unknown value
R8 =0x000000000037b251 is an unknown value
R9 =0xffffffff00000000 is an unknown value
R10=0x00000001035eef38 is at entry_point+56 in (nmethod*)0x00000001035eed90
R11=0x0000000000000020 is an unknown value
R12=0x0000000000000000 is an unknown value
R13=0x00007000025159a8 is pointing into the stack for thread: 0x00007f9397a91800
R14=0x00007f9397a919f8 is an unknown value
R15=0x00007f9397a91800 is a thread


Stack: [0x0000700002416000,0x0000700002516000],  sp=0x0000700002515880,  free space=1022k
Native frames: (J=compiled Java code, j=interpreted, Vv=VM code, C=native code)
C  [libawt_lwawt.dylib+0x1c33b]  OGLSD_SetScratchSurface+0x49
C  [libawt_lwawt.dylib+0x3cfce]  Java_sun_java2d_opengl_OGLRenderQueue_flushBuffer+0x63a
J 863  sun.java2d.opengl.OGLRenderQueue.flushBuffer(JI)V (0 bytes) @ 0x00000001035eefaa [0x00000001035eef00+0xaa]
J 1282 C2 sun.java2d.opengl.OGLRenderQueue.access$100(Lsun/java2d/opengl/OGLRenderQueue;)V (5 bytes) @ 0x00000001037b692c [0x00000001037b6900+0x2c]
j  sun.java2d.opengl.OGLRenderQueue$QueueFlusher.run()V+81
v  ~StubRoutines::call_stub
V  [libjvm.dylib+0x2edbd2]
V  [libjvm.dylib+0x2ee360]
V  [libjvm.dylib+0x2ee50c]
V  [libjvm.dylib+0x348c59]
V  [libjvm.dylib+0x56b033]
V  [libjvm.dylib+0x56c720]
V  [libjvm.dylib+0x48a7ae]
C  [libsystem_pthread.dylib+0x6109]  _pthread_start+0x94
C  [libsystem_pthread.dylib+0x1b8b]  thread_start+0xf
C  0x0000000000000000

Java frames: (J=compiled Java code, j=interpreted, Vv=VM code)
J 863  sun.java2d.opengl.OGLRenderQueue.flushBuffer(JI)V (0 bytes) @ 0x00000001035eef38 [0x00000001035eef00+0x38]
J 1282 C2 sun.java2d.opengl.OGLRenderQueue.access$100(Lsun/java2d/opengl/OGLRenderQueue;)V (5 bytes) @ 0x00000001037b692c [0x00000001037b6900+0x2c]
j  sun.java2d.opengl.OGLRenderQueue$QueueFlusher.run()V+81
v  ~StubRoutines::call_stub

---------------  P R O C E S S  ---------------

Java Threads: ( => current thread )
  0x00007f9397161000 JavaThread "DestroyJavaVM" [_thread_blocked, id=3075, stack(0x00007000010d4000,0x00007000011d4000)]
  0x00007f939816d800 JavaThread "Thread-1" [_thread_blocked, id=74303, stack(0x00007000028a5000,0x00007000029a5000)]
  0x00007f9397147800 JavaThread "AWT-EventQueue-0" [_thread_blocked, id=74503, stack(0x00007000027a2000,0x00007000028a2000)]
  0x00007f9397a5f000 JavaThread "Thread-0" [_thread_blocked, id=76555, stack(0x000070000261c000,0x000070000271c000)]
  0x00007f9398108800 JavaThread "Java2D Disposer" daemon [_thread_blocked, id=53011, stack(0x0000700002519000,0x0000700002619000)]
=>0x00007f9397a91800 JavaThread "Java2D Queue Flusher" daemon [_thread_in_native, id=81419, stack(0x0000700002416000,0x0000700002516000)]
  0x00007f9398085000 JavaThread "AWT-Shutdown" [_thread_blocked, id=38691, stack(0x000070000218a000,0x000070000228a000)]
  0x00007f93979cf800 JavaThread "AppKit Thread" daemon [_thread_in_native, id=775, stack(0x00007ffeee765000,0x00007ffeeef65000)]
  0x00007f939705b800 JavaThread "Service Thread" daemon [_thread_blocked, id=17155, stack(0x0000700001f01000,0x0000700002001000)]
  0x00007f93978cc800 JavaThread "C1 CompilerThread2" daemon [_thread_blocked, id=17411, stack(0x0000700001dfe000,0x0000700001efe000)]
  0x00007f9397019000 JavaThread "C2 CompilerThread1" daemon [_thread_blocked, id=17667, stack(0x0000700001cfb000,0x0000700001dfb000)]
  0x00007f9397893800 JavaThread "C2 CompilerThread0" daemon [_thread_blocked, id=18179, stack(0x0000700001bf8000,0x0000700001cf8000)]
  0x00007f9398029800 JavaThread "Monitor Ctrl-Break" daemon [_thread_in_native, id=13571, stack(0x0000700001af5000,0x0000700001bf5000)]
  0x00007f9398825800 JavaThread "Signal Dispatcher" daemon [_thread_blocked, id=13315, stack(0x00007000019f2000,0x0000700001af2000)]
  0x00007f9397016000 JavaThread "Finalizer" daemon [_thread_blocked, id=20995, stack(0x00007000017e9000,0x00007000018e9000)]
  0x00007f9398813800 JavaThread "Reference Handler" daemon [_thread_blocked, id=11523, stack(0x00007000016e6000,0x00007000017e6000)]

Other Threads:
  0x00007f939700f800 VMThread [stack: 0x00007000015e3000,0x00007000016e3000] [id=21507]
  0x00007f9398032800 WatcherThread [stack: 0x0000700002004000,0x0000700002104000] [id=16899]

VM state:not at safepoint (normal execution)

VM Mutex/Monitor currently owned by a thread: None

Heap:
 PSYoungGen      total 38400K, used 2618K [0x0000000795580000, 0x0000000798000000, 0x00000007c0000000)
  eden space 33280K, 3% used [0x0000000795580000,0x000000079567ebf8,0x0000000797600000)
  from space 5120K, 31% used [0x0000000797600000,0x0000000797790000,0x0000000797b00000)
  to   space 5120K, 0% used [0x0000000797b00000,0x0000000797b00000,0x0000000798000000)
 ParOldGen       total 87552K, used 24K [0x0000000740000000, 0x0000000745580000, 0x0000000795580000)
  object space 87552K, 0% used [0x0000000740000000,0x0000000740006000,0x0000000745580000)
 Metaspace       used 9930K, capacity 10146K, committed 10496K, reserved 1058816K
  class space    used 1153K, capacity 1222K, committed 1280K, reserved 1048576K

Card table byte_map: [0x00000001019c0000,0x0000000101dc1000] byte_map_base: 0x00000000fdfc0000

Marking Bits: (ParMarkBitMap*) 0x0000000102c2dd30
 Begin Bits: [0x00000001122df000, 0x00000001142df000)
 End Bits:   [0x00000001142df000, 0x00000001162df000)

Polling page: 0x0000000100d09000

CodeCache: size=245760Kb used=5168Kb max_used=5190Kb free=240591Kb
 bounds [0x00000001032df000, 0x00000001037ff000, 0x00000001122df000]
 total_blobs=1767 nmethods=1300 adapters=380
 compilation: enabled

Compilation events (10 events):
Event: 117.380 Thread 0x00007f9397893800 1302   !   4       java.awt.EventDispatchThread::pumpOneEventForFilters (295 bytes)
Event: 117.417 Thread 0x00007f9397019000 1303       4       java.awt.EventDispatchThread$HierarchyEventFilter::acceptEvent (225 bytes)
Event: 117.417 Thread 0x00007f9397019000 nmethod 1303 0x00000001037b7a50 code [0x00000001037b7ba0, 0x00000001037b7c38]
Event: 117.420 Thread 0x00007f9397019000 1304   !   4       java.awt.EventQueue::getNextEvent (84 bytes)
Event: 117.562 Thread 0x00007f9397019000 nmethod 1304 0x00000001037e9190 code [0x00000001037e95a0, 0x00000001037ebd60]
Event: 117.571 Thread 0x00007f9397893800 nmethod 1302 0x00000001037f3350 code [0x00000001037f3820, 0x00000001037f6b50]
Event: 117.741 Thread 0x00007f9397019000 1305       4       sun.java2d.SurfaceData::getTransparency (8 bytes)
Event: 117.743 Thread 0x00007f9397019000 nmethod 1305 0x00000001037b77d0 code [0x00000001037b7920, 0x00000001037b79b8]
Event: 117.838 Thread 0x00007f9397893800 1306       4       sun.java2d.opengl.OGLRTTSurfaceToSurfaceBlit::Blit (46 bytes)
Event: 117.840 Thread 0x00007f9397893800 nmethod 1306 0x00000001037afd50 code [0x00000001037afea0, 0x00000001037affa8]

GC Heap History (6 events):
Event: 35.958 GC heap before
{Heap before GC invocations=1 (full 0):
 PSYoungGen      total 38400K, used 33280K [0x0000000795580000, 0x0000000798000000, 0x00000007c0000000)
  eden space 33280K, 100% used [0x0000000795580000,0x0000000797600000,0x0000000797600000)
  from space 5120K, 0% used [0x0000000797b00000,0x0000000797b00000,0x0000000798000000)
  to   space 5120K, 0% used [0x0000000797600000,0x0000000797600000,0x0000000797b00000)
 ParOldGen       total 87552K, used 0K [0x0000000740000000, 0x0000000745580000, 0x0000000795580000)
  object space 87552K, 0% used [0x0000000740000000,0x0000000740000000,0x0000000745580000)
 Metaspace       used 9744K, capacity 9954K, committed 10240K, reserved 1058816K
  class space    used 1131K, capacity 1222K, committed 1280K, reserved 1048576K
Event: 35.966 GC heap after
Heap after GC invocations=1 (full 0):
 PSYoungGen      total 38400K, used 1568K [0x0000000795580000, 0x0000000798000000, 0x00000007c0000000)
  eden space 33280K, 0% used [0x0000000795580000,0x0000000795580000,0x0000000797600000)
  from space 5120K, 30% used [0x0000000797600000,0x0000000797788000,0x0000000797b00000)
  to   space 5120K, 0% used [0x0000000797b00000,0x0000000797b00000,0x0000000798000000)
 ParOldGen       total 87552K, used 8K [0x0000000740000000, 0x0000000745580000, 0x0000000795580000)
  object space 87552K, 0% used [0x0000000740000000,0x0000000740002000,0x0000000745580000)
 Metaspace       used 9744K, capacity 9954K, committed 10240K, reserved 1058816K
  class space    used 1131K, capacity 1222K, committed 1280K, reserved 1048576K
}
Event: 75.766 GC heap before
{Heap before GC invocations=2 (full 0):
 PSYoungGen      total 38400K, used 34848K [0x0000000795580000, 0x0000000798000000, 0x00000007c0000000)
  eden space 33280K, 100% used [0x0000000795580000,0x0000000797600000,0x0000000797600000)
  from space 5120K, 30% used [0x0000000797600000,0x0000000797788000,0x0000000797b00000)
  to   space 5120K, 0% used [0x0000000797b00000,0x0000000797b00000,0x0000000798000000)
 ParOldGen       total 87552K, used 8K [0x0000000740000000, 0x0000000745580000, 0x0000000795580000)
  object space 87552K, 0% used [0x0000000740000000,0x0000000740002000,0x0000000745580000)
 Metaspace       used 9912K, capacity 10082K, committed 10240K, reserved 1058816K
  class space    used 1149K, capacity 1222K, committed 1280K, reserved 1048576K
Event: 75.777 GC heap after
Heap after GC invocations=2 (full 0):
 PSYoungGen      total 38400K, used 1600K [0x0000000795580000, 0x0000000798000000, 0x00000007c0000000)
  eden space 33280K, 0% used [0x0000000795580000,0x0000000795580000,0x0000000797600000)
  from space 5120K, 31% used [0x0000000797b00000,0x0000000797c90000,0x0000000798000000)
  to   space 5120K, 0% used [0x0000000797600000,0x0000000797600000,0x0000000797b00000)
 ParOldGen       total 87552K, used 16K [0x0000000740000000, 0x0000000745580000, 0x0000000795580000)
  object space 87552K, 0% used [0x0000000740000000,0x0000000740004000,0x0000000745580000)
 Metaspace       used 9912K, capacity 10082K, committed 10240K, reserved 1058816K
  class space    used 1149K, capacity 1222K, committed 1280K, reserved 1048576K
}
Event: 118.011 GC heap before
{Heap before GC invocations=3 (full 0):
 PSYoungGen      total 38400K, used 34880K [0x0000000795580000, 0x0000000798000000, 0x00000007c0000000)
  eden space 33280K, 100% used [0x0000000795580000,0x0000000797600000,0x0000000797600000)
  from space 5120K, 31% used [0x0000000797b00000,0x0000000797c90000,0x0000000798000000)
  to   space 5120K, 0% used [0x0000000797600000,0x0000000797600000,0x0000000797b00000)
 ParOldGen       total 87552K, used 16K [0x0000000740000000, 0x0000000745580000, 0x0000000795580000)
  object space 87552K, 0% used [0x0000000740000000,0x0000000740004000,0x0000000745580000)
 Metaspace       used 9930K, capacity 10146K, committed 10496K, reserved 1058816K
  class space    used 1153K, capacity 1222K, committed 1280K, reserved 1048576K
Event: 118.020 GC heap after
Heap after GC invocations=3 (full 0):
 PSYoungGen      total 38400K, used 1600K [0x0000000795580000, 0x0000000798000000, 0x00000007c0000000)
  eden space 33280K, 0% used [0x0000000795580000,0x0000000795580000,0x0000000797600000)
  from space 5120K, 31% used [0x0000000797600000,0x0000000797790000,0x0000000797b00000)
  to   space 5120K, 0% used [0x0000000797b00000,0x0000000797b00000,0x0000000798000000)
 ParOldGen       total 87552K, used 24K [0x0000000740000000, 0x0000000745580000, 0x0000000795580000)
  object space 87552K, 0% used [0x0000000740000000,0x0000000740006000,0x0000000745580000)
 Metaspace       used 9930K, capacity 10146K, committed 10496K, reserved 1058816K
  class space    used 1153K, capacity 1222K, committed 1280K, reserved 1048576K
}

Deoptimization events (10 events):
Event: 92.818 Thread 0x00007f9397147800 Uncommon trap: reason=class_check action=maybe_recompile pc=0x00000001037828e4 method=sun.java2d.SunGraphics2D.fillOval(IIII)V @ 10
Event: 92.818 Thread 0x00007f9397147800 Uncommon trap: reason=class_check action=maybe_recompile pc=0x00000001037828e4 method=sun.java2d.SunGraphics2D.fillOval(IIII)V @ 10
Event: 92.984 Thread 0x00007f9397147800 Uncommon trap: reason=bimorphic action=maybe_recompile pc=0x0000000103767e88 method=sun.java2d.SunGraphics2D.<init>(Lsun/java2d/SurfaceData;Ljava/awt/Color;Ljava/awt/Color;Ljava/awt/Font;)V @ 112
Event: 93.043 Thread 0x00007f9397147800 Uncommon trap: reason=class_check action=maybe_recompile pc=0x0000000103407d34 method=sun.java2d.loops.SurfaceType.pixelFor(ILjava/awt/image/ColorModel;)I @ 6
Event: 93.043 Thread 0x00007f9397147800 Uncommon trap: reason=bimorphic action=maybe_recompile pc=0x0000000103767e88 method=sun.java2d.SunGraphics2D.<init>(Lsun/java2d/SurfaceData;Ljava/awt/Color;Ljava/awt/Color;Ljava/awt/Font;)V @ 112
Event: 93.043 Thread 0x00007f9397147800 Uncommon trap: reason=class_check action=maybe_recompile pc=0x0000000103407d34 method=sun.java2d.loops.SurfaceType.pixelFor(ILjava/awt/image/ColorModel;)I @ 6
Event: 93.043 Thread 0x00007f9397147800 Uncommon trap: reason=class_check action=maybe_recompile pc=0x0000000103407d34 method=sun.java2d.loops.SurfaceType.pixelFor(ILjava/awt/image/ColorModel;)I @ 6
Event: 93.043 Thread 0x00007f9397147800 Uncommon trap: reason=class_check action=maybe_recompile pc=0x0000000103407d34 method=sun.java2d.loops.SurfaceType.pixelFor(ILjava/awt/image/ColorModel;)I @ 6
Event: 93.044 Thread 0x00007f9397147800 Uncommon trap: reason=unstable_if action=reinterpret pc=0x0000000103767348 method=sun.java2d.SunGraphics2D.setComposite(Ljava/awt/Composite;)V @ 39
Event: 93.044 Thread 0x00007f9397147800 Uncommon trap: reason=bimorphic action=maybe_recompile pc=0x0000000103767e88 method=sun.java2d.SunGraphics2D.<init>(Lsun/java2d/SurfaceData;Ljava/awt/Color;Ljava/awt/Color;Ljava/awt/Font;)V @ 112

Internal exceptions (10 events):
Event: 0.226 Thread 0x00007f939780c800 Exception <a 'java/security/PrivilegedActionException'> (0x00000007957d30d8) thrown at [/Users/java_re/workspace/8-2-build-macosx-x86_64/jdk8u112/7935/hotspot/src/share/vm/prims/jvm.cpp, line 1390]
Event: 0.227 Thread 0x00007f939780c800 Exception <a 'java/security/PrivilegedActionException'> (0x00000007957d63e0) thrown at [/Users/java_re/workspace/8-2-build-macosx-x86_64/jdk8u112/7935/hotspot/src/share/vm/prims/jvm.cpp, line 1390]
Event: 0.227 Thread 0x00007f939780c800 Exception <a 'java/security/PrivilegedActionException'> (0x00000007957d65f0) thrown at [/Users/java_re/workspace/8-2-build-macosx-x86_64/jdk8u112/7935/hotspot/src/share/vm/prims/jvm.cpp, line 1390]
Event: 0.329 Thread 0x00007f939780c800 Exception <a 'java/lang/NoSuchFieldError': method resolution failed> (0x00000007959aeae0) thrown at [/Users/java_re/workspace/8-2-build-macosx-x86_64/jdk8u112/7935/hotspot/src/share/vm/prims/methodHandles.cpp, line 1146]
Event: 0.345 Thread 0x00007f939780c800 Exception <a 'java/lang/NoSuchFieldError': method resolution failed> (0x00000007959bcd58) thrown at [/Users/java_re/workspace/8-2-build-macosx-x86_64/jdk8u112/7935/hotspot/src/share/vm/prims/methodHandles.cpp, line 1146]
Event: 0.713 Thread 0x00007f939780c800 Exception <a 'java/io/FileNotFoundException'> (0x0000000795a5cfb8) thrown at [/Users/java_re/workspace/8-2-build-macosx-x86_64/jdk8u112/7935/hotspot/src/share/vm/prims/jni.cpp, line 709]
Event: 0.714 Thread 0x00007f939780c800 Exception <a 'java/io/FileNotFoundException'> (0x0000000795a5db20) thrown at [/Users/java_re/workspace/8-2-build-macosx-x86_64/jdk8u112/7935/hotspot/src/share/vm/prims/jni.cpp, line 709]
Event: 35.967 Thread 0x00007f9397016000 Exception <a 'java/lang/NullPointerException'> (0x00000007956ab820) thrown at [/Users/java_re/workspace/8-2-build-macosx-x86_64/jdk8u112/7935/hotspot/src/share/vm/interpreter/linkResolver.cpp, line 1178]
Event: 35.967 Thread 0x00007f9397016000 Exception <a 'java/lang/NullPointerException'> (0x00000007956aba28) thrown at [/Users/java_re/workspace/8-2-build-macosx-x86_64/jdk8u112/7935/hotspot/src/share/vm/interpreter/linkResolver.cpp, line 1178]
Event: 59.305 Thread 0x00007f93979cf800 Implicit null exception at 0x000000010369416c to 0x0000000103694385

Events (10 events):
Event: 93.045 loading class sun/java2d/StateTrackableDelegate$1 done
Event: 93.118 loading class java/util/concurrent/ConcurrentHashMap$ValueIterator
Event: 93.120 loading class java/util/concurrent/ConcurrentHashMap$BaseIterator
Event: 93.120 loading class java/util/concurrent/ConcurrentHashMap$Traverser
Event: 93.120 loading class java/util/concurrent/ConcurrentHashMap$Traverser done
Event: 93.120 loading class java/util/concurrent/ConcurrentHashMap$BaseIterator done
Event: 93.120 loading class java/util/concurrent/ConcurrentHashMap$ValueIterator done
Event: 113.168 Thread 0x00007f9397019000 flushing nmethod 0x00000001033fcf10
Event: 118.011 Executing VM operation: ParallelGCFailedAllocation
Event: 118.020 Executing VM operation: ParallelGCFailedAllocation done


Dynamic libraries:
0x00000000082ce000 	/System/Library/Frameworks/Cocoa.framework/Versions/A/Cocoa
0x00000000082ce000 	/System/Library/Frameworks/Security.framework/Versions/A/Security
0x00000000082ce000 	/System/Library/Frameworks/ApplicationServices.framework/Versions/A/ApplicationServices
0x00000000082ce000 	/usr/lib/libz.1.dylib
0x00000000082ce000 	/usr/lib/libSystem.B.dylib
0x00000000082ce000 	/usr/lib/libobjc.A.dylib
0x00000000082ce000 	/System/Library/Frameworks/CoreFoundation.framework/Versions/A/CoreFoundation
0x00000000082ce000 	/System/Library/Frameworks/Foundation.framework/Versions/C/Foundation
0x00000000082ce000 	/System/Library/Frameworks/AppKit.framework/Versions/C/AppKit
0x00000000082ce000 	/System/Library/Frameworks/CoreData.framework/Versions/A/CoreData
0x00000000082ce000 	/System/Library/PrivateFrameworks/UIFoundation.framework/Versions/A/UIFoundation
0x00000000082ce000 	/System/Library/PrivateFrameworks/RemoteViewServices.framework/Versions/A/RemoteViewServices
0x00000000082ce000 	/System/Library/PrivateFrameworks/XCTTargetBootstrap.framework/Versions/A/XCTTargetBootstrap
0x00000000082ce000 	/System/Library/Frameworks/CoreDisplay.framework/Versions/A/CoreDisplay
0x00000000082ce000 	/System/Library/Frameworks/Metal.framework/Versions/A/Metal
0x00000000082ce000 	/System/Library/PrivateFrameworks/DesktopServicesPriv.framework/Versions/A/DesktopServicesPriv
0x00000000082ce000 	/usr/lib/liblangid.dylib
0x00000000082ce000 	/System/Library/PrivateFrameworks/CoreSVG.framework/Versions/A/CoreSVG
0x00000000082ce000 	/System/Library/PrivateFrameworks/SkyLight.framework/Versions/A/SkyLight
0x00000000082ce000 	/System/Library/Frameworks/CoreGraphics.framework/Versions/A/CoreGraphics
0x00000000082ce000 	/System/Library/Frameworks/Accelerate.framework/Versions/A/Accelerate
0x00000000082ce000 	/usr/lib/libxml2.2.dylib
0x00000000082ce000 	/System/Library/PrivateFrameworks/IconServices.framework/Versions/A/IconServices
0x00000000082ce000 	/System/Library/Frameworks/IOSurface.framework/Versions/A/IOSurface
0x00000000082ce000 	/usr/lib/libDiagnosticMessagesClient.dylib
0x00000000082ce000 	/System/Library/PrivateFrameworks/DFRFoundation.framework/Versions/A/DFRFoundation
0x00000000082ce000 	/usr/lib/libicucore.A.dylib
0x00000000082ce000 	/System/Library/Frameworks/AudioToolbox.framework/Versions/A/AudioToolbox
0x00000000082ce000 	/System/Library/Frameworks/AudioUnit.framework/Versions/A/AudioUnit
0x00000000082ce000 	/usr/lib/libauto.dylib
0x00000000082ce000 	/System/Library/PrivateFrameworks/DataDetectorsCore.framework/Versions/A/DataDetectorsCore
0x00000000082ce000 	/System/Library/Frameworks/Carbon.framework/Versions/A/Frameworks/HIToolbox.framework/Versions/A/HIToolbox
0x00000000082ce000 	/System/Library/Frameworks/QuartzCore.framework/Versions/A/QuartzCore
0x00000000082ce000 	/System/Library/Frameworks/Carbon.framework/Versions/A/Frameworks/SpeechRecognition.framework/Versions/A/SpeechRecognition
0x00000000082ce000 	/System/Library/PrivateFrameworks/CoreUI.framework/Versions/A/CoreUI
0x00000000082ce000 	/System/Library/Frameworks/CoreAudio.framework/Versions/A/CoreAudio
0x00000000082ce000 	/System/Library/Frameworks/DiskArbitration.framework/Versions/A/DiskArbitration
0x00000000082ce000 	/System/Library/PrivateFrameworks/MultitouchSupport.framework/Versions/A/MultitouchSupport
0x00000000082ce000 	/usr/lib/libenergytrace.dylib
0x00000000082ce000 	/System/Library/Frameworks/IOKit.framework/Versions/A/IOKit
0x00000000082ce000 	/System/Library/Frameworks/CoreServices.framework/Versions/A/CoreServices
0x00000000082ce000 	/System/Library/PrivateFrameworks/PerformanceAnalysis.framework/Versions/A/PerformanceAnalysis
0x00000000082ce000 	/System/Library/Frameworks/OpenGL.framework/Versions/A/OpenGL
0x00000000082ce000 	/System/Library/Frameworks/ColorSync.framework/Versions/A/ColorSync
0x00000000082ce000 	/System/Library/Frameworks/CoreImage.framework/Versions/A/CoreImage
0x00000000082ce000 	/System/Library/Frameworks/CoreText.framework/Versions/A/CoreText
0x00000000082ce000 	/System/Library/Frameworks/ImageIO.framework/Versions/A/ImageIO
0x00000000082ce000 	/usr/lib/libc++.1.dylib
0x00000000082ce000 	/usr/lib/libcompression.dylib
0x00000000082ce000 	/usr/lib/libMobileGestalt.dylib
0x00000000082ce000 	/System/Library/PrivateFrameworks/TextureIO.framework/Versions/A/TextureIO
0x00000000082ce000 	/usr/lib/libate.dylib
0x00000000082ce000 	/System/Library/PrivateFrameworks/InternationalSupport.framework/Versions/A/InternationalSupport
0x00000000082ce000 	/usr/lib/system/libcache.dylib
0x00000000082ce000 	/usr/lib/system/libcommonCrypto.dylib
0x00000000082ce000 	/usr/lib/system/libcompiler_rt.dylib
0x00000000082ce000 	/usr/lib/system/libcopyfile.dylib
0x00000000082ce000 	/usr/lib/system/libcorecrypto.dylib
0x00000000082ce000 	/usr/lib/system/libdispatch.dylib
0x00000000082ce000 	/usr/lib/system/libdyld.dylib
0x00000000082ce000 	/usr/lib/system/libkeymgr.dylib
0x00000000082ce000 	/usr/lib/system/liblaunch.dylib
0x00000000082ce000 	/usr/lib/system/libmacho.dylib
0x00000000082ce000 	/usr/lib/system/libquarantine.dylib
0x00000000082ce000 	/usr/lib/system/libremovefile.dylib
0x00000000082ce000 	/usr/lib/system/libsystem_asl.dylib
0x00000000082ce000 	/usr/lib/system/libsystem_blocks.dylib
0x00000000082ce000 	/usr/lib/system/libsystem_c.dylib
0x00000000082ce000 	/usr/lib/system/libsystem_configuration.dylib
0x00000000082ce000 	/usr/lib/system/libsystem_coreservices.dylib
0x00000000082ce000 	/usr/lib/system/libsystem_darwin.dylib
0x00000000082ce000 	/usr/lib/system/libsystem_dnssd.dylib
0x00000000082ce000 	/usr/lib/system/libsystem_featureflags.dylib
0x00000000082ce000 	/usr/lib/system/libsystem_info.dylib
0x00000000082ce000 	/usr/lib/system/libsystem_m.dylib
0x00000000082ce000 	/usr/lib/system/libsystem_malloc.dylib
0x00000000082ce000 	/usr/lib/system/libsystem_networkextension.dylib
0x00000000082ce000 	/usr/lib/system/libsystem_notify.dylib
0x00000000082ce000 	/usr/lib/system/libsystem_sandbox.dylib
0x00000000082ce000 	/usr/lib/system/libsystem_secinit.dylib
0x00000000082ce000 	/usr/lib/system/libsystem_kernel.dylib
0x00000000082ce000 	/usr/lib/system/libsystem_platform.dylib
0x00000000082ce000 	/usr/lib/system/libsystem_pthread.dylib
0x00000000082ce000 	/usr/lib/system/libsystem_symptoms.dylib
0x00000000082ce000 	/usr/lib/system/libsystem_trace.dylib
0x00000000082ce000 	/usr/lib/system/libunwind.dylib
0x00000000082ce000 	/usr/lib/system/libxpc.dylib
0x00000000082ce000 	/usr/lib/libc++abi.dylib
0x00000000082ce000 	/usr/lib/liblzma.5.dylib
0x00000000082ce000 	/usr/lib/libfakelink.dylib
0x00000000082ce000 	/usr/lib/libarchive.2.dylib
0x00000000082ce000 	/System/Library/Frameworks/SystemConfiguration.framework/Versions/A/SystemConfiguration
0x00000000082ce000 	/usr/lib/libCRFSuite.dylib
0x00000000082ce000 	/System/Library/Frameworks/CFNetwork.framework/Versions/A/CFNetwork
0x00000000082ce000 	/usr/lib/libbsm.0.dylib
0x00000000082ce000 	/usr/lib/system/libkxld.dylib
0x00000000082ce000 	/System/Library/PrivateFrameworks/AppleFSCompression.framework/Versions/A/AppleFSCompression
0x00000000082ce000 	/usr/lib/libcoretls.dylib
0x00000000082ce000 	/usr/lib/libcoretls_cfhelpers.dylib
0x00000000082ce000 	/usr/lib/libpam.2.dylib
0x00000000082ce000 	/usr/lib/libsqlite3.dylib
0x00000000082ce000 	/usr/lib/libxar.1.dylib
0x00000000082ce000 	/usr/lib/libbz2.1.0.dylib
0x00000000082ce000 	/usr/lib/libiconv.2.dylib
0x00000000082ce000 	/usr/lib/libcharset.1.dylib
0x00000000082ce000 	/usr/lib/libnetwork.dylib
0x00000000082ce000 	/usr/lib/libpcap.A.dylib
0x00000000082ce000 	/usr/lib/libapple_nghttp2.dylib
0x00000000082ce000 	/System/Library/Frameworks/CoreServices.framework/Versions/A/Frameworks/FSEvents.framework/Versions/A/FSEvents
0x00000000082ce000 	/System/Library/Frameworks/CoreServices.framework/Versions/A/Frameworks/CarbonCore.framework/Versions/A/CarbonCore
0x00000000082ce000 	/System/Library/Frameworks/CoreServices.framework/Versions/A/Frameworks/Metadata.framework/Versions/A/Metadata
0x00000000082ce000 	/System/Library/Frameworks/CoreServices.framework/Versions/A/Frameworks/OSServices.framework/Versions/A/OSServices
0x00000000082ce000 	/System/Library/Frameworks/CoreServices.framework/Versions/A/Frameworks/SearchKit.framework/Versions/A/SearchKit
0x00000000082ce000 	/System/Library/Frameworks/CoreServices.framework/Versions/A/Frameworks/AE.framework/Versions/A/AE
0x00000000082ce000 	/System/Library/Frameworks/CoreServices.framework/Versions/A/Frameworks/LaunchServices.framework/Versions/A/LaunchServices
0x00000000082ce000 	/System/Library/Frameworks/CoreServices.framework/Versions/A/Frameworks/DictionaryServices.framework/Versions/A/DictionaryServices
0x00000000082ce000 	/System/Library/Frameworks/CoreServices.framework/Versions/A/Frameworks/SharedFileList.framework/Versions/A/SharedFileList
0x00000000082ce000 	/System/Library/Frameworks/NetFS.framework/Versions/A/NetFS
0x00000000082ce000 	/System/Library/PrivateFrameworks/NetAuth.framework/Versions/A/NetAuth
0x00000000082ce000 	/System/Library/PrivateFrameworks/login.framework/Versions/A/Frameworks/loginsupport.framework/Versions/A/loginsupport
0x00000000082ce000 	/System/Library/PrivateFrameworks/TCC.framework/Versions/A/TCC
0x00000000082ce000 	/System/Library/PrivateFrameworks/CoreNLP.framework/Versions/A/CoreNLP
0x00000000082ce000 	/System/Library/PrivateFrameworks/MetadataUtilities.framework/Versions/A/MetadataUtilities
0x00000000082ce000 	/usr/lib/libmecabra.dylib
0x00000000082ce000 	/usr/lib/libmecab.dylib
0x00000000082ce000 	/usr/lib/libgermantok.dylib
0x00000000082ce000 	/usr/lib/libThaiTokenizer.dylib
0x00000000082ce000 	/usr/lib/libChineseTokenizer.dylib
0x00000000082ce000 	/System/Library/Frameworks/Accelerate.framework/Versions/A/Frameworks/vImage.framework/Versions/A/vImage
0x00000000082ce000 	/System/Library/Frameworks/Accelerate.framework/Versions/A/Frameworks/vecLib.framework/Versions/A/vecLib
0x00000000082ce000 	/System/Library/Frameworks/Accelerate.framework/Versions/A/Frameworks/vecLib.framework/Versions/A/libvMisc.dylib
0x00000000082ce000 	/System/Library/Frameworks/Accelerate.framework/Versions/A/Frameworks/vecLib.framework/Versions/A/libvDSP.dylib
0x00000000082ce000 	/System/Library/Frameworks/Accelerate.framework/Versions/A/Frameworks/vecLib.framework/Versions/A/libBLAS.dylib
0x00000000082ce000 	/System/Library/Frameworks/Accelerate.framework/Versions/A/Frameworks/vecLib.framework/Versions/A/libLAPACK.dylib
0x00000000082ce000 	/System/Library/Frameworks/Accelerate.framework/Versions/A/Frameworks/vecLib.framework/Versions/A/libLinearAlgebra.dylib
0x00000000082ce000 	/System/Library/Frameworks/Accelerate.framework/Versions/A/Frameworks/vecLib.framework/Versions/A/libSparseBLAS.dylib
0x00000000082ce000 	/System/Library/Frameworks/Accelerate.framework/Versions/A/Frameworks/vecLib.framework/Versions/A/libQuadrature.dylib
0x00000000082ce000 	/System/Library/Frameworks/Accelerate.framework/Versions/A/Frameworks/vecLib.framework/Versions/A/libBNNS.dylib
0x00000000082ce000 	/System/Library/Frameworks/Accelerate.framework/Versions/A/Frameworks/vecLib.framework/Versions/A/libSparse.dylib
0x00000000082ce000 	/System/Library/PrivateFrameworks/LanguageModeling.framework/Versions/A/LanguageModeling
0x00000000082ce000 	/System/Library/PrivateFrameworks/CoreEmoji.framework/Versions/A/CoreEmoji
0x00000000082ce000 	/System/Library/PrivateFrameworks/LinguisticData.framework/Versions/A/LinguisticData
0x00000000082ce000 	/System/Library/PrivateFrameworks/Lexicon.framework/Versions/A/Lexicon
0x00000000082ce000 	/usr/lib/libcmph.dylib
0x00000000082ce000 	/System/Library/Frameworks/OpenDirectory.framework/Versions/A/Frameworks/CFOpenDirectory.framework/Versions/A/CFOpenDirectory
0x00000000082ce000 	/System/Library/Frameworks/OpenDirectory.framework/Versions/A/OpenDirectory
0x00000000082ce000 	/System/Library/PrivateFrameworks/APFS.framework/Versions/A/APFS
0x00000000082ce000 	/System/Library/Frameworks/SecurityFoundation.framework/Versions/A/SecurityFoundation
0x00000000082ce000 	/usr/lib/libutil.dylib
0x00000000082ce000 	/System/Library/PrivateFrameworks/CoreServicesStore.framework/Versions/A/CoreServicesStore
0x00000000082ce000 	/System/Library/Frameworks/ServiceManagement.framework/Versions/A/ServiceManagement
0x00000000082ce000 	/System/Library/PrivateFrameworks/BackgroundTaskManagement.framework/Versions/A/BackgroundTaskManagement
0x00000000082ce000 	/usr/lib/libxslt.1.dylib
0x00000000082ce000 	/System/Library/PrivateFrameworks/AppleSystemInfo.framework/Versions/A/AppleSystemInfo
0x00000000082ce000 	/System/Library/Frameworks/ImageIO.framework/Versions/A/Resources/libJPEG.dylib
0x00000000082ce000 	/System/Library/Frameworks/ImageIO.framework/Versions/A/Resources/libTIFF.dylib
0x00000000082ce000 	/System/Library/Frameworks/ImageIO.framework/Versions/A/Resources/libPng.dylib
0x00000000082ce000 	/System/Library/Frameworks/ImageIO.framework/Versions/A/Resources/libGIF.dylib
0x00000000082ce000 	/System/Library/Frameworks/ImageIO.framework/Versions/A/Resources/libJP2.dylib
0x00000000082ce000 	/System/Library/Frameworks/ImageIO.framework/Versions/A/Resources/libRadiance.dylib
0x00000000082ce000 	/usr/lib/libexpat.1.dylib
0x00000000082ce000 	/System/Library/PrivateFrameworks/AppleJPEG.framework/Versions/A/AppleJPEG
0x00000000082ce000 	/System/Library/PrivateFrameworks/FontServices.framework/libFontParser.dylib
0x00000000082ce000 	/System/Library/PrivateFrameworks/WatchdogClient.framework/Versions/A/WatchdogClient
0x00000000082ce000 	/System/Library/PrivateFrameworks/IOAccelerator.framework/Versions/A/IOAccelerator
0x00000000082ce000 	/System/Library/Frameworks/MetalPerformanceShaders.framework/Versions/A/MetalPerformanceShaders
0x00000000082ce000 	/System/Library/PrivateFrameworks/GPUWrangler.framework/Versions/A/GPUWrangler
0x00000000082ce000 	/System/Library/PrivateFrameworks/IOPresentment.framework/Versions/A/IOPresentment
0x00000000082ce000 	/System/Library/PrivateFrameworks/DSExternalDisplay.framework/Versions/A/DSExternalDisplay
0x00000000082ce000 	/System/Library/Frameworks/OpenGL.framework/Versions/A/Libraries/libCoreFSCache.dylib
0x00000000082ce000 	/System/Library/Frameworks/MetalPerformanceShaders.framework/Frameworks/MPSCore.framework/Versions/A/MPSCore
0x00000000082ce000 	/System/Library/Frameworks/MetalPerformanceShaders.framework/Frameworks/MPSImage.framework/Versions/A/MPSImage
0x00000000082ce000 	/System/Library/Frameworks/MetalPerformanceShaders.framework/Frameworks/MPSNeuralNetwork.framework/Versions/A/MPSNeuralNetwork
0x00000000082ce000 	/System/Library/Frameworks/MetalPerformanceShaders.framework/Frameworks/MPSMatrix.framework/Versions/A/MPSMatrix
0x00000000082ce000 	/System/Library/Frameworks/MetalPerformanceShaders.framework/Frameworks/MPSRayIntersector.framework/Versions/A/MPSRayIntersector
0x00000000082ce000 	/System/Library/Frameworks/MetalPerformanceShaders.framework/Frameworks/MPSNDArray.framework/Versions/A/MPSNDArray
0x00000000082ce000 	/System/Library/PrivateFrameworks/MetalTools.framework/Versions/A/MetalTools
0x00000000082ce000 	/System/Library/PrivateFrameworks/AggregateDictionary.framework/Versions/A/AggregateDictionary
0x00000000082ce000 	/System/Library/PrivateFrameworks/CoreAnalytics.framework/Versions/A/CoreAnalytics
0x00000000082ce000 	/System/Library/PrivateFrameworks/AppleSauce.framework/Versions/A/AppleSauce
0x00000000082ce000 	/usr/lib/libIOReport.dylib
0x00000000082ce000 	/System/Library/Frameworks/CoreVideo.framework/Versions/A/CoreVideo
0x00000000082ce000 	/System/Library/PrivateFrameworks/GraphVisualizer.framework/Versions/A/GraphVisualizer
0x00000000082ce000 	/System/Library/PrivateFrameworks/FaceCore.framework/Versions/A/FaceCore
0x00000000082ce000 	/System/Library/Frameworks/OpenCL.framework/Versions/A/OpenCL
0x00000000082ce000 	/usr/lib/libFosl_dynamic.dylib
0x00000000082ce000 	/System/Library/PrivateFrameworks/OTSVG.framework/Versions/A/OTSVG
0x00000000082ce000 	/System/Library/Frameworks/ApplicationServices.framework/Versions/A/Frameworks/ATS.framework/Versions/A/Resources/libFontRegistry.dylib
0x00000000082ce000 	/System/Library/PrivateFrameworks/FontServices.framework/libhvf.dylib
0x00000000082ce000 	/System/Library/Frameworks/OpenGL.framework/Versions/A/Libraries/libGFXShared.dylib
0x00000000082ce000 	/System/Library/Frameworks/OpenGL.framework/Versions/A/Libraries/libGLU.dylib
0x00000000082ce000 	/System/Library/Frameworks/OpenGL.framework/Versions/A/Libraries/libGL.dylib
0x00000000082ce000 	/System/Library/Frameworks/OpenGL.framework/Versions/A/Libraries/libGLImage.dylib
0x00000000082ce000 	/System/Library/Frameworks/OpenGL.framework/Versions/A/Libraries/libCVMSPluginSupport.dylib
0x00000000082ce000 	/System/Library/Frameworks/OpenGL.framework/Versions/A/Libraries/libCoreVMClient.dylib
0x00000000082ce000 	/usr/lib/libncurses.5.4.dylib
0x00000000082ce000 	/System/Library/Frameworks/ApplicationServices.framework/Versions/A/Frameworks/ATS.framework/Versions/A/ATS
0x00000000082ce000 	/System/Library/Frameworks/ApplicationServices.framework/Versions/A/Frameworks/ColorSyncLegacy.framework/Versions/A/ColorSyncLegacy
0x00000000082ce000 	/System/Library/Frameworks/ApplicationServices.framework/Versions/A/Frameworks/HIServices.framework/Versions/A/HIServices
0x00000000082ce000 	/System/Library/Frameworks/ApplicationServices.framework/Versions/A/Frameworks/LangAnalysis.framework/Versions/A/LangAnalysis
0x00000000082ce000 	/System/Library/Frameworks/ApplicationServices.framework/Versions/A/Frameworks/PrintCore.framework/Versions/A/PrintCore
0x00000000082ce000 	/System/Library/Frameworks/ApplicationServices.framework/Versions/A/Frameworks/QD.framework/Versions/A/QD
0x00000000082ce000 	/System/Library/Frameworks/ApplicationServices.framework/Versions/A/Frameworks/SpeechSynthesis.framework/Versions/A/SpeechSynthesis
0x00000000082ce000 	/System/Library/Frameworks/ApplicationServices.framework/Versions/A/Frameworks/ATSUI.framework/Versions/A/ATSUI
0x00000000082ce000 	/usr/lib/libcups.2.dylib
0x00000000082ce000 	/System/Library/Frameworks/Kerberos.framework/Versions/A/Kerberos
0x00000000082ce000 	/System/Library/Frameworks/GSS.framework/Versions/A/GSS
0x00000000082ce000 	/usr/lib/libresolv.9.dylib
0x00000000082ce000 	/System/Library/PrivateFrameworks/Heimdal.framework/Versions/A/Heimdal
0x00000000082ce000 	/System/Library/Frameworks/Kerberos.framework/Versions/A/Libraries/libHeimdalProxy.dylib
0x00000000082ce000 	/usr/lib/libheimdal-asn1.dylib
0x00000000082ce000 	/System/Library/PrivateFrameworks/CommonAuth.framework/Versions/A/CommonAuth
0x00000000082ce000 	/System/Library/PrivateFrameworks/AssertionServices.framework/Versions/A/AssertionServices
0x00000000082ce000 	/System/Library/PrivateFrameworks/AudioToolboxCore.framework/Versions/A/AudioToolboxCore
0x00000000082ce000 	/System/Library/PrivateFrameworks/caulk.framework/Versions/A/caulk
0x00000000082ce000 	/System/Library/PrivateFrameworks/BaseBoard.framework/Versions/A/BaseBoard
0x00000000082ce000 	/System/Library/PrivateFrameworks/RunningBoardServices.framework/Versions/A/RunningBoardServices
0x00000000082ce000 	/System/Library/PrivateFrameworks/PersistentConnection.framework/Versions/A/PersistentConnection
0x00000000082ce000 	/System/Library/PrivateFrameworks/ProtocolBuffer.framework/Versions/A/ProtocolBuffer
0x00000000082ce000 	/System/Library/PrivateFrameworks/CommonUtilities.framework/Versions/A/CommonUtilities
0x00000000082ce000 	/System/Library/PrivateFrameworks/Bom.framework/Versions/A/Bom
0x00000000082ce000 	/usr/lib/libAudioToolboxUtility.dylib
0x00000000082ce000 	/System/Library/PrivateFrameworks/Backup.framework/Versions/A/Backup
0x00000000082ce000 	/System/Library/PrivateFrameworks/CrashReporterSupport.framework/Versions/A/CrashReporterSupport
0x00000000082ce000 	/System/Library/PrivateFrameworks/Sharing.framework/Versions/A/Sharing
0x00000000082ce000 	/System/Library/PrivateFrameworks/Apple80211.framework/Versions/A/Apple80211
0x00000000082ce000 	/System/Library/PrivateFrameworks/AuthKit.framework/Versions/A/AuthKit
0x00000000082ce000 	/System/Library/PrivateFrameworks/CoreUtils.framework/Versions/A/CoreUtils
0x00000000082ce000 	/System/Library/Frameworks/CoreWLAN.framework/Versions/A/CoreWLAN
0x00000000082ce000 	/System/Library/Frameworks/IOBluetooth.framework/Versions/A/IOBluetooth
0x00000000082ce000 	/System/Library/PrivateFrameworks/MobileKeyBag.framework/Versions/A/MobileKeyBag
0x00000000082ce000 	/System/Library/PrivateFrameworks/CorePhoneNumbers.framework/Versions/A/CorePhoneNumbers
0x00000000082ce000 	/System/Library/PrivateFrameworks/AppleIDAuthSupport.framework/Versions/A/AppleIDAuthSupport
0x00000000082ce000 	/System/Library/Frameworks/Network.framework/Versions/A/Network
0x00000000082ce000 	/System/Library/PrivateFrameworks/KeychainCircle.framework/Versions/A/KeychainCircle
0x00000000082ce000 	/System/Library/Frameworks/CoreBluetooth.framework/Versions/A/CoreBluetooth
0x00000000082ce000 	/System/Library/PrivateFrameworks/SpeechRecognitionCore.framework/Versions/A/SpeechRecognitionCore
0x000000010233d000 	/Library/Java/JavaVirtualMachines/jdk1.8.0_112.jdk/Contents/Home/jre/lib/server/libjvm.dylib
0x00000000082ce000 	/usr/lib/libstdc++.6.dylib
0x0000000100cc6000 	/Library/Java/JavaVirtualMachines/jdk1.8.0_112.jdk/Contents/Home/jre/lib/libverify.dylib
0x0000000100cd4000 	/Library/Java/JavaVirtualMachines/jdk1.8.0_112.jdk/Contents/Home/jre/lib/libjava.dylib
0x0000000100d0a000 	/Library/Java/JavaVirtualMachines/jdk1.8.0_112.jdk/Contents/Home/jre/lib/libinstrument.dylib
0x0000000100d76000 	/Library/Java/JavaVirtualMachines/jdk1.8.0_112.jdk/Contents/Home/jre/lib/libzip.dylib
0x00000000082ce000 	/System/Library/Frameworks/JavaVM.framework/Versions/A/Frameworks/JavaRuntimeSupport.framework/Versions/A/JavaRuntimeSupport
0x00000000082ce000 	/System/Library/Frameworks/JavaVM.framework/Versions/A/Frameworks/JavaNativeFoundation.framework/Versions/A/JavaNativeFoundation
0x00000000082ce000 	/System/Library/Frameworks/JavaVM.framework/Versions/A/JavaVM
0x00000000082ce000 	/System/Library/Frameworks/Carbon.framework/Versions/A/Carbon
0x00000000082ce000 	/System/Library/PrivateFrameworks/CoreSymbolication.framework/Versions/A/CoreSymbolication
0x00000000082ce000 	/System/Library/PrivateFrameworks/JavaLaunching.framework/Versions/A/JavaLaunching
0x00000000082ce000 	/System/Library/Frameworks/Carbon.framework/Versions/A/Frameworks/CommonPanels.framework/Versions/A/CommonPanels
0x00000000082ce000 	/System/Library/Frameworks/Carbon.framework/Versions/A/Frameworks/Help.framework/Versions/A/Help
0x00000000082ce000 	/System/Library/Frameworks/Carbon.framework/Versions/A/Frameworks/ImageCapture.framework/Versions/A/ImageCapture
0x00000000082ce000 	/System/Library/Frameworks/Carbon.framework/Versions/A/Frameworks/OpenScripting.framework/Versions/A/OpenScripting
0x00000000082ce000 	/System/Library/Frameworks/Carbon.framework/Versions/A/Frameworks/Ink.framework/Versions/A/Ink
0x00000000082ce000 	/System/Library/Frameworks/Carbon.framework/Versions/A/Frameworks/Print.framework/Versions/A/Print
0x00000000082ce000 	/System/Library/Frameworks/Carbon.framework/Versions/A/Frameworks/SecurityHI.framework/Versions/A/SecurityHI
0x00000000082ce000 	/System/Library/PrivateFrameworks/DebugSymbols.framework/Versions/A/DebugSymbols
0x0000000102143000 	/Library/Java/JavaVirtualMachines/jdk1.8.0_112.jdk/Contents/Home/jre/lib/libnet.dylib
0x000000010215a000 	/Library/Java/JavaVirtualMachines/jdk1.8.0_112.jdk/Contents/Home/jre/lib/libawt.dylib
0x0000000118c0f000 	/Library/Java/JavaVirtualMachines/jdk1.8.0_112.jdk/Contents/Home/jre/lib/libmlib_image.dylib
0x0000000118cdb000 	/Library/Java/JavaVirtualMachines/jdk1.8.0_112.jdk/Contents/Home/jre/lib/libawt_lwawt.dylib
0x0000000102202000 	/Library/Java/JavaVirtualMachines/jdk1.8.0_112.jdk/Contents/Home/jre/lib/libosxapp.dylib
0x00000000082ce000 	/System/Library/Frameworks/ExceptionHandling.framework/Versions/A/ExceptionHandling
0x00000000082ce000 	/System/Library/PrivateFrameworks/CoreServicesInternal.framework/Versions/A/CoreServicesInternal
0x00000000082ce000 	/System/Library/Frameworks/FileProvider.framework/Versions/A/FileProvider
0x00000000082ce000 	/System/Library/Frameworks/Accounts.framework/Versions/A/Accounts
0x00000000082ce000 	/System/Library/PrivateFrameworks/GenerationalStorage.framework/Versions/A/GenerationalStorage
0x00000000082ce000 	/System/Library/PrivateFrameworks/SymptomDiagnosticReporter.framework/Versions/A/SymptomDiagnosticReporter
0x00000000082ce000 	/System/Library/PrivateFrameworks/AppContainer.framework/Versions/A/AppContainer
0x00000000082ce000 	/usr/lib/libsandbox.1.dylib
0x00000000082ce000 	/System/Library/PrivateFrameworks/UserManagement.framework/Versions/A/UserManagement
0x00000000082ce000 	/System/Library/PrivateFrameworks/ChunkingLibrary.framework/Versions/A/ChunkingLibrary
0x00000000082ce000 	/System/Library/PrivateFrameworks/AppSandbox.framework/Versions/A/AppSandbox
0x00000000082ce000 	/System/Library/PrivateFrameworks/SecCodeWrapper.framework/Versions/A/SecCodeWrapper
0x00000000082ce000 	/usr/lib/libMatch.1.dylib
0x00000000082ce000 	/System/Library/CoreServices/RawCamera.bundle/Contents/MacOS/RawCamera
0x00000000082ce000 	/System/Library/PrivateFrameworks/MobileAsset.framework/Versions/A/MobileAsset
0x00000000082ce000 	/System/Library/PrivateFrameworks/StreamingZip.framework/Versions/A/StreamingZip
0x00000000082ce000 	/System/Library/Frameworks/MediaToolbox.framework/Versions/A/MediaToolbox
0x00000000082ce000 	/System/Library/PrivateFrameworks/CoreAVCHD.framework/Versions/A/CoreAVCHD
0x00000000082ce000 	/System/Library/Frameworks/MediaAccessibility.framework/Versions/A/MediaAccessibility
0x00000000082ce000 	/System/Library/PrivateFrameworks/Mangrove.framework/Versions/A/Mangrove
0x00000000082ce000 	/System/Library/Frameworks/CoreMedia.framework/Versions/A/CoreMedia
0x00000000082ce000 	/System/Library/PrivateFrameworks/MediaExperience.framework/Versions/A/MediaExperience
0x00000000082ce000 	/System/Library/Frameworks/VideoToolbox.framework/Versions/A/VideoToolbox
0x00000000082ce000 	/System/Library/PrivateFrameworks/CoreAUC.framework/Versions/A/CoreAUC
0x00000000082ce000 	/usr/lib/libspindump.dylib
0x00000000082ce000 	/System/Library/PrivateFrameworks/AudioResourceArbitration.framework/Versions/A/AudioResourceArbitration
0x00000000082ce000 	/System/Library/PrivateFrameworks/AppleVA.framework/Versions/A/AppleVA
0x00000000082ce000 	/System/Library/Frameworks/Accelerate.framework/Versions/A/Frameworks/vImage.framework/Versions/A/Libraries/libCGInterfaces.dylib
0x0000000119daa000 	/usr/lib/libobjc-trampolines.dylib
0x00000000082ce000 	/System/Library/PrivateFrameworks/FontServices.framework/libTrueTypeScaler.dylib
0x00000000082ce000 	/System/Library/Extensions/AppleIntelHD5000GraphicsMTLDriver.bundle/Contents/MacOS/AppleIntelHD5000GraphicsMTLDriver
0x00000000082ce000 	/System/Library/PrivateFrameworks/GPUCompiler.framework/Versions/3902/Libraries/libmetal_timestamp.dylib
0x00000000082ce000 	/System/Library/PrivateFrameworks/FamilyControls.framework/Versions/A/FamilyControls
0x00000000082ce000 	/System/Library/PrivateFrameworks/CommerceKit.framework/Versions/A/Frameworks/CommerceCore.framework/Versions/A/CommerceCore
0x00000000082ce000 	/System/Library/PrivateFrameworks/SystemAdministration.framework/Versions/A/SystemAdministration
0x00000000082ce000 	/System/Library/PrivateFrameworks/DiskManagement.framework/Versions/A/DiskManagement
0x00000000082ce000 	/System/Library/Frameworks/DirectoryService.framework/Versions/A/DirectoryService
0x00000000082ce000 	/System/Library/PrivateFrameworks/DiskImages.framework/Versions/A/DiskImages
0x00000000082ce000 	/System/Library/PrivateFrameworks/LoginUIKit.framework/Versions/A/Frameworks/LoginUICore.framework/Versions/A/LoginUICore
0x00000000082ce000 	/usr/lib/libCoreStorage.dylib
0x00000000082ce000 	/usr/lib/libcsfde.dylib
0x00000000082ce000 	/usr/lib/libodfde.dylib
0x00000000082ce000 	/System/Library/PrivateFrameworks/MediaKit.framework/Versions/A/MediaKit
0x00000000082ce000 	/System/Library/Frameworks/DiscRecording.framework/Versions/A/DiscRecording
0x00000000082ce000 	/System/Library/PrivateFrameworks/EFILogin.framework/Versions/A/EFILogin
0x00000000082ce000 	/System/Library/PrivateFrameworks/ProtectedCloudStorage.framework/Versions/A/ProtectedCloudStorage
0x00000000082ce000 	/usr/lib/libcurl.4.dylib
0x00000000082ce000 	/usr/lib/libcrypto.44.dylib
0x00000000082ce000 	/usr/lib/libssl.46.dylib
0x00000000082ce000 	/System/Library/Frameworks/LDAP.framework/Versions/A/LDAP
0x00000000082ce000 	/System/Library/PrivateFrameworks/TrustEvaluationAgent.framework/Versions/A/TrustEvaluationAgent
0x00000000082ce000 	/usr/lib/libsasl2.2.dylib
0x00000000082ce000 	/System/Library/PrivateFrameworks/CoreDaemon.framework/Versions/B/CoreDaemon
0x00000000082ce000 	/System/Library/PrivateFrameworks/AppleSRP.framework/Versions/A/AppleSRP
0x00000000082ce000 	/System/Library/PrivateFrameworks/ViewBridge.framework/Versions/A/ViewBridge
0x00000000082ce000 	/System/Library/Frameworks/OpenGL.framework/Versions/A/Resources/GLEngine.bundle/GLEngine
0x00000000082ce000 	/System/Library/Frameworks/OpenGL.framework/Versions/A/Libraries/libGLProgrammability.dylib
0x00000000082ce000 	/System/Library/Extensions/AppleIntelHD5000GraphicsGLDriver.bundle/Contents/MacOS/AppleIntelHD5000GraphicsGLDriver
0x00000000082ce000 	/System/Library/PrivateFrameworks/GPUSupport.framework/Versions/A/Libraries/libGPUSupportMercury.dylib
0x00000000082ce000 	/System/Library/Frameworks/OpenGL.framework/Versions/A/Resources/GLRendererFloat.bundle/GLRendererFloat
0x00000000082ce000 	/System/Library/Frameworks/OpenCL.framework/Versions/A/Libraries/libcldcpuengine.dylib
0x00000000082ce000 	/System/Library/PrivateFrameworks/login.framework/Versions/A/login
0x000000011afb5000 	/Library/Java/JavaVirtualMachines/jdk1.8.0_112.jdk/Contents/Home/jre/lib/libfontmanager.dylib
0x000000011b061000 	/Library/Java/JavaVirtualMachines/jdk1.8.0_112.jdk/Contents/Home/jre/lib/libosxui.dylib
0x00000000082ce000 	/System/Library/PrivateFrameworks/HDRProcessing.framework/Versions/A/HDRProcessing

VM Arguments:
jvm_args: -Dvisualgc.id=635645790236115 -javaagent:/Applications/IntelliJ IDEA.app/Contents/lib/idea_rt.jar=62940:/Applications/IntelliJ IDEA.app/Contents/bin -Dfile.encoding=UTF-8 
java_command: tr.edu.sehir.oop.MainBW3
java_class_path (initial): /Library/Java/JavaVirtualMachines/jdk1.8.0_112.jdk/Contents/Home/jre/lib/charsets.jar:/Library/Java/JavaVirtualMachines/jdk1.8.0_112.jdk/Contents/Home/jre/lib/deploy.jar:/Library/Java/JavaVirtualMachines/jdk1.8.0_112.jdk/Contents/Home/jre/lib/ext/cldrdata.jar:/Library/Java/JavaVirtualMachines/jdk1.8.0_112.jdk/Contents/Home/jre/lib/ext/dnsns.jar:/Library/Java/JavaVirtualMachines/jdk1.8.0_112.jdk/Contents/Home/jre/lib/ext/jaccess.jar:/Library/Java/JavaVirtualMachines/jdk1.8.0_112.jdk/Contents/Home/jre/lib/ext/jfxrt.jar:/Library/Java/JavaVirtualMachines/jdk1.8.0_112.jdk/Contents/Home/jre/lib/ext/localedata.jar:/Library/Java/JavaVirtualMachines/jdk1.8.0_112.jdk/Contents/Home/jre/lib/ext/nashorn.jar:/Library/Java/JavaVirtualMachines/jdk1.8.0_112.jdk/Contents/Home/jre/lib/ext/sunec.jar:/Library/Java/JavaVirtualMachines/jdk1.8.0_112.jdk/Contents/Home/jre/lib/ext/sunjce_provider.jar:/Library/Java/JavaVirtualMachines/jdk1.8.0_112.jdk/Contents/Home/jre/lib/ext/sunpkcs11.jar:/Library/Java/JavaVirtualMachines/jdk1.8.0_112.jdk/Contents/Home/jre/lib/ext/zipfs.jar:/Library/Java/JavaVirtualMachines/jdk1.8.0_112.jdk/Contents/Home/jre/lib/javaws.jar:/Library/Java/JavaVirtualMachines/jdk1.8.0_112.jdk/Contents/Home/jre/lib/jce.jar:/Library/Java/JavaVirtualMachines/jdk1.8.0_112.jdk/Contents/Home/jre/lib/jfr.jar:/Library/Java/JavaVirtualMachines/jdk1.8.0_112.jdk/Contents/Home/jre/lib/jfxswt.jar:/Library/Java/JavaVirtualMachines/jdk1.8.0_112.jdk/Contents/Home/jre/lib/jsse.jar:/Library/Java/JavaVirtualMachines/jdk1.8.0_112.jdk/Contents/Home/jre/lib/management-agent.jar:/Library/Java/JavaVirtualMachines/jdk1.8.0_112.jdk/Contents/Home/jre/lib/plugin.jar:/Library/Java/JavaVirtualMachines/jdk1.8.0_112.jdk/Contents/Home/jre/lib/resources.jar:/Library/Java/JavaVirtualMachines/jdk1.8.0_112.jdk/Contents/Home/jre/lib/rt.jar:/Library/Java/JavaVirtualMachines/jdk1.8.0_112.jdk/Contents/Home/lib/ant-javafx.jar:/Library/Java/JavaVirtualMachines/jdk1.8.0_112.jdk/Contents/Home
Launcher Type: SUN_STANDARD

Environment Variables:
PATH=/Library/Frameworks/Python.framework/Versions/3.11/bin:/Library/Frameworks/Python.framework/Versions/3.11/bin:/usr/local/bin:/usr/bin:/bin:/usr/sbin:/sbin:/Library/TeX/texbin
SHELL=/bin/bash

Signal Handlers:
SIGSEGV: [libjvm.dylib+0x5b11a5], sa_mask[0]=11111111011111110111111111111111, sa_flags=SA_ONSTACK|SA_RESTART|SA_SIGINFO
SIGBUS: [libjvm.dylib+0x5b11a5], sa_mask[0]=11111111011111110111111111111111, sa_flags=SA_RESTART|SA_SIGINFO
SIGFPE: [libjvm.dylib+0x487dc0], sa_mask[0]=11111111011111110111111111111111, sa_flags=SA_RESTART|SA_SIGINFO
SIGPIPE: [libjvm.dylib+0x487dc0], sa_mask[0]=11111111011111110111111111111111, sa_flags=SA_RESTART|SA_SIGINFO
SIGXFSZ: [libjvm.dylib+0x487dc0], sa_mask[0]=11111111011111110111111111111111, sa_flags=SA_RESTART|SA_SIGINFO
SIGILL: [libjvm.dylib+0x487dc0], sa_mask[0]=11111111011111110111111111111111, sa_flags=SA_RESTART|SA_SIGINFO
SIGUSR1: SIG_DFL, sa_mask[0]=00000000000000000000000000000000, sa_flags=none
SIGUSR2: [libjvm.dylib+0x4878de], sa_mask[0]=00100000000000000000000000000000, sa_flags=SA_RESTART|SA_SIGINFO
SIGHUP: [libjvm.dylib+0x485eb5], sa_mask[0]=11111111011111110111111111111111, sa_flags=SA_RESTART|SA_SIGINFO
SIGINT: [libjvm.dylib+0x485eb5], sa_mask[0]=11111111011111110111111111111111, sa_flags=SA_RESTART|SA_SIGINFO
SIGTERM: [libjvm.dylib+0x485eb5], sa_mask[0]=11111111011111110111111111111111, sa_flags=SA_RESTART|SA_SIGINFO
SIGQUIT: [libjvm.dylib+0x485eb5], sa_mask[0]=11111111011111110111111111111111, sa_flags=SA_RESTART|SA_SIGINFO


---------------  S Y S T E M  ---------------

OS:Bsduname:Darwin 19.6.0 Darwin Kernel Version 19.6.0: Tue Oct 12 18:34:05 PDT 2021; root:xnu-6153.141.43~1/RELEASE_X86_64 x86_64
rlimit: STACK 8192k, CORE 0k, NPROC 1392, NOFILE 10240, AS infinity
load average:2.24 2.08 2.03

CPU:total 4 (2 cores per cpu, 2 threads per core) family 6 model 69 stepping 1, cmov, cx8, fxsr, mmx, sse, sse2, sse3, ssse3, sse4.1, sse4.2, popcnt, avx, avx2, aes, clmul, erms, lzcnt, ht, tsc, tscinvbit, bmi1, bmi2

Memory: 4k page, physical 8388608k(148108k free)

/proc/meminfo:


vm_info: Java HotSpot(TM) 64-Bit Server VM (25.112-b16) for bsd-amd64 JRE (1.8.0_112-b16), built on Sep 30 2016 22:41:41 by "java_re" with gcc 4.2.1 (Based on Apple Inc. build 5658) (LLVM build 2336.11.00)

time: Tue Dec 19 10:23:16 2023
elapsed time: 118 seconds (0d 0h 1m 58s)

